<?xml version="1.0" encoding="UTF-8"?>
<!-- Generated by org.testng.reporters.JUnitXMLReporter -->
<testsuite ignored="0" hostname="KNAKKA-M-2L1J" failures="0" tests="6" name="Testing FlyAway API ,UI " time="1.603" errors="0" timestamp="2024-01-22T20:24:37 IST">
  <testcase classname="com.restApi.TestApis" name="registerByRestAssuredAPI" time="0.448"/>
  <testcase classname="com.restApi.TestApis" name="loginCheckUI" time="0.224"/>
  <testcase classname="com.restApi.TestApis" name="dbCheck" time="0.161"/>
  <testcase classname="com.restApi.TestApis" name="loginByRestAssuredAPI" time="0.048"/>
  <testcase classname="com.restApi.TestApis" name="getFLightsOnGivenDate" time="0.04"/>
  <testcase classname="com.restApi.TestApis" name="getBookedFlights" time="0.023"/>
</testsuite> <!-- Testing FlyAway API ,UI  -->
