<?xml version="1.0" encoding="UTF-8"?>
<!-- Generated by org.testng.reporters.JUnitXMLReporter -->
<testsuite ignored="0" hostname="KNAKKA-M-2L1J" failures="0" tests="4" name="Testing FlyAway Functionalities  " time="5.726" errors="0" timestamp="2024-01-22T20:24:35 IST">
  <testcase classname="com.testLib.NewTestFlyAway" name="register" time="3.641"/>
  <testcase classname="com.testLib.NewTestFlyAway" name="login" time="0.197"/>
  <testcase classname="com.testLib.NewTestFlyAway" name="searchFlight" time="0.248"/>
  <testcase classname="com.testLib.NewTestFlyAway" name="bookFlight" time="0.114"/>
</testsuite> <!-- Testing FlyAway Functionalities   -->
