<?xml version="1.0" encoding="UTF-8"?>
<testsuite xmlns:xsi="http://www.w3.org/2001/XMLSchema-instance" xsi:noNamespaceSchemaLocation="https://maven.apache.org/surefire/maven-surefire-plugin/xsd/surefire-test-report-3.0.xsd" version="3.0" name="TestSuite" time="8.906" tests="10" errors="0" skipped="0" failures="0">
  <properties>
[...]
</properties>
  <testcase name="registerByRestAssuredAPI[fedup@life, 12345, 12345, vamsi, Andhra pradesh, Anantapur](1)" classname="com.restApi.TestApis" time="0.497">
    <system-out><![CDATA[Started execution for : Surefire test
---------------------------------

before class----
Fly Away
execution for test started : registerByRestAssuredAPI
Test passed : registerByRestAssuredAPI
---------------------------------
]]></system-out>
    <system-err><![CDATA[Jan 23, 2024 1:08:41 PM org.openqa.selenium.devtools.CdpVersionFinder findNearestMatch
WARNING: Unable to find an exact match for CDP version 120, returning the closest version; found: 118; Please update to a Selenium version that supports CDP version 120
]]></system-err>
  </testcase>
  <testcase name="loginCheckUI[fedup@life, 12345, 12345, vamsi, Andhra pradesh, Anantapur](1)" classname="com.restApi.TestApis" time="0.227">
    <system-out><![CDATA[execution for test started : loginCheckUI
Login - Successful
Test passed : loginCheckUI
---------------------------------
]]></system-out>
  </testcase>
  <testcase name="dbCheck[fedup@life, 12345, 12345, vamsi, Andhra pradesh, Anantapur](1)" classname="com.restApi.TestApis" time="0.153">
    <system-out><![CDATA[execution for test started : dbCheck
 -- Name : vamsi-- Email:  fedup@life
Test passed : dbCheck
---------------------------------
]]></system-out>
  </testcase>
  <testcase name="loginByRestAssuredAPI" classname="com.restApi.TestApis" time="0.039">
    <system-out><![CDATA[execution for test started : loginByRestAssuredAPI
Test passed : loginByRestAssuredAPI
---------------------------------
]]></system-out>
  </testcase>
  <testcase name="getFLightsOnGivenDate" classname="com.restApi.TestApis" time="0.027">
    <system-out><![CDATA[execution for test started : getFLightsOnGivenDate

    
     

<!DOCTYPE html>
<html>
<head>
<meta charset="UTF-8">
<title>Fly Away </title>
</head>
<body>

<h3> FLYAWAY HOMEPAGE </h3>

    
     


<a href="home">Home</a> | 

	<a href="dashboard">Dashboard</a> |
	<a href="editprofile">Edit Profile</a> | 
	<a href="memberbookings">Your Bookings</a> | 
	<a href="logout">Logout</a>




 
<br><br>



<form>
<table border=0 cellspacing=2 cellpadding=4>
	<tr>
		<td width="35%">
		 From<br>
		 <select name=source>
		 	<option value="0">Select Source</option>
		 	<option value=7>Ahmedabad</option><option value=12>Anantapur</option><option value=1>Bangalore</option><option value=4>Chennai</option><option value=11>Hyderabad</option><option value=6>Kolkatta</option><option value=2>Mumbai</option><option value=3>New Delhi</option><option value=10>tomato</option>
		 </select>
		</td>
		<td width="35%">
		 To<br>
		 <select name=destination>
		 	<option value="0">Select Destination</option>
		 	<option value=7>Ahmedabad</option><option value=12>Anantapur</option><option value=1>Bangalore</option><option value=4>Chennai</option><option value=11>Hyderabad</option><option value=6>Kolkatta</option><option value=2>Mumbai</option><option value=3>New Delhi</option><option value=10>tomato</option>
		 </select>
		</td>
		<td>
			<button>Submit</button>
		</td>
	</tr>
</table>
</form>
<br>
<table border=1 cellspacing=2 cellpadding=4>
 	<tr>
 		<td><b>Source</b></td>
 		<td><b>Destination</b></td>
 		<td><b>Airline</b></td>
 		<td><b>Duration</b></td>
 		<td><b>Cost</b></td>
 		<td>&nbsp;</td>
 	</tr>
 	
 	  	<tr>
	 		<td>Bangalore</td>
	 		<td>Chennai</td>
	 		<td>AirAsia</td>
	 		<td>Dep.8 pm Arr.9.30pm (1.30 hours)</td>
 			<td>4500.00</td>
 	  		<td>
 	  			<a href="bookflight?id=3">Book Flight</a>
 	  		</td>
 	  	</tr>
 	  
 	  	<tr>
	 		<td>Bangalore</td>
	 		<td>Hyderabad</td>
	 		<td>Vistara</td>
	 		<td>Dep.8 AM Arr.10:30 AMx (2.5 HOURS)</td>
 			<td>2500.00</td>
 	  		<td>
 	  			<a href="bookflight?id=7">Book Flight</a>
 	  		</td>
 	  	</tr>
 	  
 	
 	</table>

<hr>
(C) FlyAway 2019
</body>
</html>
Test passed : getFLightsOnGivenDate
---------------------------------
]]></system-out>
  </testcase>
  <testcase name="getBookedFlights" classname="com.restApi.TestApis" time="0.016">
    <system-out><![CDATA[execution for test started : getBookedFlights
200

    
     

<!DOCTYPE html>
<html>
<head>
<meta charset="UTF-8">
<title>Fly Away - Your Bookings</title>
</head>
<body>

<h3> FLYAWAY - YOUR BOOKINGS </h3>

    
     


<a href="home">Home</a> | 

	<a href="dashboard">Dashboard</a> |
	<a href="editprofile">Edit Profile</a> | 
	<a href="memberbookings">Your Bookings</a> | 
	<a href="logout">Logout</a>




 
<br><br>

<br><br>Total 2 bookings<br>

<table border=1 cellspacing=2 cellpadding=4>
 		<tr>
 		<td><b>Date Of Booking</b></td>
 		<td><b>Source</b></td>
 		<td><b>Destination</b></td>
 		<td><b>Airline</b></td>
 		<td><b>Cost</b></td>
 	</tr>
	
 	  	<tr>
	 		<td>2024-01-21 10:02:56.0</td>
	 		<td>Bangalore</td>
	 		<td>Hyderabad</td>
	 		<td>Dep.8 AM Arr.10:30 AMx (2.5 HOURS)</td>
 			<td>2500.00</td>
 	  	</tr>
 	  
 	  	<tr>
	 		<td>2024-01-21 10:02:51.0</td>
	 		<td>Bangalore</td>
	 		<td>Chennai</td>
	 		<td>Dep.8 pm Arr.9.30pm (1.30 hours)</td>
 			<td>4500.00</td>
 	  	</tr>
 	   	
</table> 		

<br>
<hr>
(C) FlyAway 2019
</body>
</html>
Test passed : getBookedFlights
---------------------------------
]]></system-out>
  </testcase>
  <testcase name="register" classname="com.testLib.NewTestFlyAway" time="3.379">
    <system-out><![CDATA[
After class --> Driver Closed

before class----
started web driver

execution for test started : register
User already exsists !!!
Test passed : register
---------------------------------
]]></system-out>
    <system-err><![CDATA[Jan 23, 2024 1:08:44 PM org.openqa.selenium.devtools.CdpVersionFinder findNearestMatch
WARNING: Unable to find an exact match for CDP version 120, returning the closest version; found: 118; Please update to a Selenium version that supports CDP version 120
]]></system-err>
  </testcase>
  <testcase name="login" classname="com.testLib.NewTestFlyAway" time="0.182">
    <system-out><![CDATA[execution for test started : login
Login - Successful
Test passed : login
---------------------------------
]]></system-out>
  </testcase>
  <testcase name="searchFlight" classname="com.testLib.NewTestFlyAway" time="0.208">
    <system-out><![CDATA[execution for test started : searchFlight
Flights Available
Test passed : searchFlight
---------------------------------
]]></system-out>
  </testcase>
  <testcase name="bookFlight" classname="com.testLib.NewTestFlyAway" time="0.131">
    <system-out><![CDATA[execution for test started : bookFlight
Booked Successfully !!! 
Test passed : bookFlight
---------------------------------
]]></system-out>
  </testcase>
</testsuite>