<?xml version="1.0" encoding="UTF-8"?>
<testng-results total="10" passed="10" failed="0" skipped="0">
  <reporter-output>
  </reporter-output>
  <suite started-at="2024-01-23T07:38:41Z" name="Surefire suite" finished-at="2024-01-23T07:38:49Z" duration-ms="7111">
    <groups>
    </groups>
    <test started-at="2024-01-23T07:38:41Z" name="Surefire test" finished-at="2024-01-23T07:38:49Z" duration-ms="7111">
      <class name="com.testLib.NewTestFlyAway">
        <test-method is-config="true" signature="beforeClass()[pri:0, instance:com.testLib.NewTestFlyAway@293a5f75]" started-at="2024-01-23T13:08:43Z" name="beforeClass" finished-at="2024-01-23T13:08:44Z" duration-ms="1483" status="PASS">
          <reporter-output>
          </reporter-output>
        </test-method> <!-- beforeClass -->
        <test-method signature="register()[pri:0, instance:com.testLib.NewTestFlyAway@293a5f75]" started-at="2024-01-23T13:08:44Z" name="register" finished-at="2024-01-23T13:08:48Z" duration-ms="3378" status="PASS">
          <reporter-output>
          </reporter-output>
        </test-method> <!-- register -->
        <test-method signature="login()[pri:1, instance:com.testLib.NewTestFlyAway@293a5f75]" started-at="2024-01-23T13:08:48Z" name="login" finished-at="2024-01-23T13:08:48Z" duration-ms="182" status="PASS">
          <reporter-output>
          </reporter-output>
        </test-method> <!-- login -->
        <test-method signature="searchFlight()[pri:2, instance:com.testLib.NewTestFlyAway@293a5f75]" started-at="2024-01-23T13:08:48Z" name="searchFlight" finished-at="2024-01-23T13:08:48Z" duration-ms="209" status="PASS">
          <reporter-output>
          </reporter-output>
        </test-method> <!-- searchFlight -->
        <test-method signature="bookFlight()[pri:3, instance:com.testLib.NewTestFlyAway@293a5f75]" started-at="2024-01-23T13:08:48Z" name="bookFlight" finished-at="2024-01-23T13:08:48Z" duration-ms="132" status="PASS">
          <reporter-output>
          </reporter-output>
        </test-method> <!-- bookFlight -->
        <test-method is-config="true" signature="afterClass()[pri:0, instance:com.testLib.NewTestFlyAway@293a5f75]" started-at="2024-01-23T13:08:48Z" name="afterClass" finished-at="2024-01-23T13:08:49Z" duration-ms="110" status="PASS">
          <reporter-output>
          </reporter-output>
        </test-method> <!-- afterClass -->
      </class> <!-- com.testLib.NewTestFlyAway -->
      <class name="com.restApi.TestApis">
        <test-method is-config="true" signature="beforeClass()[pri:0, instance:com.restApi.TestApis@60957c0f]" started-at="2024-01-23T13:08:41Z" name="beforeClass" finished-at="2024-01-23T13:08:42Z" duration-ms="535" status="PASS">
          <reporter-output>
          </reporter-output>
        </test-method> <!-- beforeClass -->
        <test-method signature="registerByRestAssuredAPI(java.lang.String, java.lang.String, java.lang.String, java.lang.String, java.lang.String, java.lang.String)[pri:0, instance:com.restApi.TestApis@60957c0f]" started-at="2024-01-23T13:08:42Z" name="registerByRestAssuredAPI" data-provider="userData" finished-at="2024-01-23T13:08:42Z" duration-ms="498" status="PASS">
          <params>
            <param index="0">
              <value>
                <![CDATA[fedup@life]]>
              </value>
            </param>
            <param index="1">
              <value>
                <![CDATA[12345]]>
              </value>
            </param>
            <param index="2">
              <value>
                <![CDATA[12345]]>
              </value>
            </param>
            <param index="3">
              <value>
                <![CDATA[vamsi]]>
              </value>
            </param>
            <param index="4">
              <value>
                <![CDATA[Andhra pradesh]]>
              </value>
            </param>
            <param index="5">
              <value>
                <![CDATA[Anantapur]]>
              </value>
            </param>
          </params>
          <reporter-output>
          </reporter-output>
        </test-method> <!-- registerByRestAssuredAPI -->
        <test-method signature="loginCheckUI(java.lang.String, java.lang.String, java.lang.String, java.lang.String, java.lang.String, java.lang.String)[pri:1, instance:com.restApi.TestApis@60957c0f]" started-at="2024-01-23T13:08:42Z" name="loginCheckUI" data-provider="userData" finished-at="2024-01-23T13:08:43Z" duration-ms="229" status="PASS">
          <params>
            <param index="0">
              <value>
                <![CDATA[fedup@life]]>
              </value>
            </param>
            <param index="1">
              <value>
                <![CDATA[12345]]>
              </value>
            </param>
            <param index="2">
              <value>
                <![CDATA[12345]]>
              </value>
            </param>
            <param index="3">
              <value>
                <![CDATA[vamsi]]>
              </value>
            </param>
            <param index="4">
              <value>
                <![CDATA[Andhra pradesh]]>
              </value>
            </param>
            <param index="5">
              <value>
                <![CDATA[Anantapur]]>
              </value>
            </param>
          </params>
          <reporter-output>
          </reporter-output>
        </test-method> <!-- loginCheckUI -->
        <test-method signature="dbCheck(java.lang.String, java.lang.String, java.lang.String, java.lang.String, java.lang.String, java.lang.String)[pri:2, instance:com.restApi.TestApis@60957c0f]" started-at="2024-01-23T13:08:43Z" name="dbCheck" data-provider="userData" finished-at="2024-01-23T13:08:43Z" duration-ms="153" status="PASS">
          <params>
            <param index="0">
              <value>
                <![CDATA[fedup@life]]>
              </value>
            </param>
            <param index="1">
              <value>
                <![CDATA[12345]]>
              </value>
            </param>
            <param index="2">
              <value>
                <![CDATA[12345]]>
              </value>
            </param>
            <param index="3">
              <value>
                <![CDATA[vamsi]]>
              </value>
            </param>
            <param index="4">
              <value>
                <![CDATA[Andhra pradesh]]>
              </value>
            </param>
            <param index="5">
              <value>
                <![CDATA[Anantapur]]>
              </value>
            </param>
          </params>
          <reporter-output>
          </reporter-output>
        </test-method> <!-- dbCheck -->
        <test-method signature="loginByRestAssuredAPI()[pri:3, instance:com.restApi.TestApis@60957c0f]" started-at="2024-01-23T13:08:43Z" name="loginByRestAssuredAPI" finished-at="2024-01-23T13:08:43Z" duration-ms="40" status="PASS">
          <reporter-output>
          </reporter-output>
        </test-method> <!-- loginByRestAssuredAPI -->
        <test-method signature="getFLightsOnGivenDate()[pri:4, instance:com.restApi.TestApis@60957c0f]" started-at="2024-01-23T13:08:43Z" name="getFLightsOnGivenDate" finished-at="2024-01-23T13:08:43Z" duration-ms="27" status="PASS">
          <reporter-output>
          </reporter-output>
        </test-method> <!-- getFLightsOnGivenDate -->
        <test-method signature="getBookedFlights()[pri:5, instance:com.restApi.TestApis@60957c0f]" started-at="2024-01-23T13:08:43Z" name="getBookedFlights" finished-at="2024-01-23T13:08:43Z" duration-ms="15" status="PASS">
          <reporter-output>
          </reporter-output>
        </test-method> <!-- getBookedFlights -->
        <test-method is-config="true" signature="afterClass()[pri:0, instance:com.restApi.TestApis@60957c0f]" started-at="2024-01-23T13:08:43Z" name="afterClass" finished-at="2024-01-23T13:08:43Z" duration-ms="113" status="PASS">
          <reporter-output>
          </reporter-output>
        </test-method> <!-- afterClass -->
      </class> <!-- com.restApi.TestApis -->
    </test> <!-- Surefire test -->
  </suite> <!-- Surefire suite -->
</testng-results>
