<?xml version="1.0" encoding="UTF-8"?>
<testng-results ignored="0" total="6" passed="6" failed="0" skipped="0">
  <reporter-output>
  </reporter-output>
  <suite started-at="2024-01-23T11:57:42 IST" name="Default suite" finished-at="2024-01-23T11:57:44 IST" duration-ms="1775">
    <groups>
    </groups>
    <test started-at="2024-01-23T11:57:42 IST" name="Default test" finished-at="2024-01-23T11:57:44 IST" duration-ms="1775">
      <class name="com.restApi.TestApis">
        <test-method is-config="true" signature="beforeClass()[pri:0, instance:com.restApi.TestApis@5316e95f]" started-at="2024-01-23T11:57:43 IST" name="beforeClass" finished-at="2024-01-23T11:57:43 IST" duration-ms="729" status="PASS">
          <reporter-output>
          </reporter-output>
        </test-method> <!-- beforeClass -->
        <test-method signature="registerByRestAssuredAPI(java.lang.String,java.lang.String,java.lang.String,java.lang.String,java.lang.String,java.lang.String)[pri:0, instance:com.restApi.TestApis@5316e95f]" started-at="2024-01-23T11:57:43 IST" name="registerByRestAssuredAPI" data-provider="userData" finished-at="2024-01-23T11:57:44 IST" duration-ms="451" status="PASS">
          <params>
            <param index="0">
              <value>
                <![CDATA[fedup@life]]>
              </value>
            </param>
            <param index="1">
              <value>
                <![CDATA[12345]]>
              </value>
            </param>
            <param index="2">
              <value>
                <![CDATA[12345]]>
              </value>
            </param>
            <param index="3">
              <value>
                <![CDATA[vamsi]]>
              </value>
            </param>
            <param index="4">
              <value>
                <![CDATA[Andhra pradesh]]>
              </value>
            </param>
            <param index="5">
              <value>
                <![CDATA[Anantapur]]>
              </value>
            </param>
          </params>
          <reporter-output>
          </reporter-output>
        </test-method> <!-- registerByRestAssuredAPI -->
        <test-method signature="loginCheckUI(java.lang.String,java.lang.String,java.lang.String,java.lang.String,java.lang.String,java.lang.String)[pri:1, instance:com.restApi.TestApis@5316e95f]" started-at="2024-01-23T11:57:44 IST" name="loginCheckUI" data-provider="userData" finished-at="2024-01-23T11:57:44 IST" duration-ms="231" status="PASS">
          <params>
            <param index="0">
              <value>
                <![CDATA[fedup@life]]>
              </value>
            </param>
            <param index="1">
              <value>
                <![CDATA[12345]]>
              </value>
            </param>
            <param index="2">
              <value>
                <![CDATA[12345]]>
              </value>
            </param>
            <param index="3">
              <value>
                <![CDATA[vamsi]]>
              </value>
            </param>
            <param index="4">
              <value>
                <![CDATA[Andhra pradesh]]>
              </value>
            </param>
            <param index="5">
              <value>
                <![CDATA[Anantapur]]>
              </value>
            </param>
          </params>
          <reporter-output>
          </reporter-output>
        </test-method> <!-- loginCheckUI -->
        <test-method signature="dbCheck(java.lang.String,java.lang.String,java.lang.String,java.lang.String,java.lang.String,java.lang.String)[pri:2, instance:com.restApi.TestApis@5316e95f]" started-at="2024-01-23T11:57:44 IST" name="dbCheck" data-provider="userData" finished-at="2024-01-23T11:57:44 IST" duration-ms="143" status="PASS">
          <params>
            <param index="0">
              <value>
                <![CDATA[fedup@life]]>
              </value>
            </param>
            <param index="1">
              <value>
                <![CDATA[12345]]>
              </value>
            </param>
            <param index="2">
              <value>
                <![CDATA[12345]]>
              </value>
            </param>
            <param index="3">
              <value>
                <![CDATA[vamsi]]>
              </value>
            </param>
            <param index="4">
              <value>
                <![CDATA[Andhra pradesh]]>
              </value>
            </param>
            <param index="5">
              <value>
                <![CDATA[Anantapur]]>
              </value>
            </param>
          </params>
          <reporter-output>
          </reporter-output>
        </test-method> <!-- dbCheck -->
        <test-method signature="loginByRestAssuredAPI()[pri:3, instance:com.restApi.TestApis@5316e95f]" started-at="2024-01-23T11:57:44 IST" name="loginByRestAssuredAPI" finished-at="2024-01-23T11:57:44 IST" duration-ms="38" status="PASS">
          <reporter-output>
          </reporter-output>
        </test-method> <!-- loginByRestAssuredAPI -->
        <test-method signature="getFLightsOnGivenDate()[pri:4, instance:com.restApi.TestApis@5316e95f]" started-at="2024-01-23T11:57:44 IST" name="getFLightsOnGivenDate" finished-at="2024-01-23T11:57:44 IST" duration-ms="26" status="PASS">
          <reporter-output>
          </reporter-output>
        </test-method> <!-- getFLightsOnGivenDate -->
        <test-method signature="getBookedFlights()[pri:5, instance:com.restApi.TestApis@5316e95f]" started-at="2024-01-23T11:57:44 IST" name="getBookedFlights" finished-at="2024-01-23T11:57:44 IST" duration-ms="12" status="PASS">
          <reporter-output>
          </reporter-output>
        </test-method> <!-- getBookedFlights -->
        <test-method is-config="true" signature="afterClass()[pri:0, instance:com.restApi.TestApis@5316e95f]" started-at="2024-01-23T11:57:44 IST" name="afterClass" finished-at="2024-01-23T11:57:44 IST" duration-ms="125" status="PASS">
          <reporter-output>
          </reporter-output>
        </test-method> <!-- afterClass -->
      </class> <!-- com.restApi.TestApis -->
    </test> <!-- Default test -->
  </suite> <!-- Default suite -->
</testng-results>
